Traceback (most recent call last):
  File "/Users/Emman/opt/anaconda3/envs/env-jupyterbook/lib/python3.7/site-packages/jupyter_cache/executors/utils.py", line 56, in single_nb_execution
    record_timing=False,
  File "/Users/Emman/opt/anaconda3/envs/env-jupyterbook/lib/python3.7/site-packages/nbclient/client.py", line 1082, in execute
    return NotebookClient(nb=nb, resources=resources, km=km, **kwargs).execute()
  File "/Users/Emman/opt/anaconda3/envs/env-jupyterbook/lib/python3.7/site-packages/nbclient/util.py", line 74, in wrapped
    return just_run(coro(*args, **kwargs))
  File "/Users/Emman/opt/anaconda3/envs/env-jupyterbook/lib/python3.7/site-packages/nbclient/util.py", line 53, in just_run
    return loop.run_until_complete(coro)
  File "/Users/Emman/opt/anaconda3/envs/env-jupyterbook/lib/python3.7/asyncio/base_events.py", line 587, in run_until_complete
    return future.result()
  File "/Users/Emman/opt/anaconda3/envs/env-jupyterbook/lib/python3.7/site-packages/nbclient/client.py", line 536, in async_execute
    cell, index, execution_count=self.code_cells_executed + 1
  File "/Users/Emman/opt/anaconda3/envs/env-jupyterbook/lib/python3.7/site-packages/nbclient/client.py", line 827, in async_execute_cell
    self._check_raise_for_error(cell, exec_reply)
  File "/Users/Emman/opt/anaconda3/envs/env-jupyterbook/lib/python3.7/site-packages/nbclient/client.py", line 735, in _check_raise_for_error
    raise CellExecutionError.from_cell_and_msg(cell, exec_reply['content'])
nbclient.exceptions.CellExecutionError: An error occurred while executing the following cell:
------------------
df_wesm = get_data('http://www.iemop.ph/the-market/participants/wesm-members/')
# Dropping 451 Team Sual NA Resource value
df_wesm = df_wesm.dropna()
------------------

[0;31m---------------------------------------------------------------------------[0m
[0;31mSSLCertVerificationError[0m                  Traceback (most recent call last)
[0;32m~/opt/anaconda3/envs/env-jupyterbook/lib/python3.7/urllib/request.py[0m in [0;36mdo_open[0;34m(self, http_class, req, **http_conn_args)[0m
[1;32m   1349[0m                 h.request(req.get_method(), req.selector, req.data, headers,
[0;32m-> 1350[0;31m                           encode_chunked=req.has_header('Transfer-encoding'))
[0m[1;32m   1351[0m             [0;32mexcept[0m [0mOSError[0m [0;32mas[0m [0merr[0m[0;34m:[0m [0;31m# timeout error[0m[0;34m[0m[0;34m[0m[0m

[0;32m~/opt/anaconda3/envs/env-jupyterbook/lib/python3.7/http/client.py[0m in [0;36mrequest[0;34m(self, method, url, body, headers, encode_chunked)[0m
[1;32m   1276[0m         [0;34m"""Send a complete request to the server."""[0m[0;34m[0m[0;34m[0m[0m
[0;32m-> 1277[0;31m         [0mself[0m[0;34m.[0m[0m_send_request[0m[0;34m([0m[0mmethod[0m[0;34m,[0m [0murl[0m[0;34m,[0m [0mbody[0m[0;34m,[0m [0mheaders[0m[0;34m,[0m [0mencode_chunked[0m[0;34m)[0m[0;34m[0m[0;34m[0m[0m
[0m[1;32m   1278[0m [0;34m[0m[0m

[0;32m~/opt/anaconda3/envs/env-jupyterbook/lib/python3.7/http/client.py[0m in [0;36m_send_request[0;34m(self, method, url, body, headers, encode_chunked)[0m
[1;32m   1322[0m             [0mbody[0m [0;34m=[0m [0m_encode[0m[0;34m([0m[0mbody[0m[0;34m,[0m [0;34m'body'[0m[0;34m)[0m[0;34m[0m[0;34m[0m[0m
[0;32m-> 1323[0;31m         [0mself[0m[0;34m.[0m[0mendheaders[0m[0;34m([0m[0mbody[0m[0;34m,[0m [0mencode_chunked[0m[0;34m=[0m[0mencode_chunked[0m[0;34m)[0m[0;34m[0m[0;34m[0m[0m
[0m[1;32m   1324[0m [0;34m[0m[0m

[0;32m~/opt/anaconda3/envs/env-jupyterbook/lib/python3.7/http/client.py[0m in [0;36mendheaders[0;34m(self, message_body, encode_chunked)[0m
[1;32m   1271[0m             [0;32mraise[0m [0mCannotSendHeader[0m[0;34m([0m[0;34m)[0m[0;34m[0m[0;34m[0m[0m
[0;32m-> 1272[0;31m         [0mself[0m[0;34m.[0m[0m_send_output[0m[0;34m([0m[0mmessage_body[0m[0;34m,[0m [0mencode_chunked[0m[0;34m=[0m[0mencode_chunked[0m[0;34m)[0m[0;34m[0m[0;34m[0m[0m
[0m[1;32m   1273[0m [0;34m[0m[0m

[0;32m~/opt/anaconda3/envs/env-jupyterbook/lib/python3.7/http/client.py[0m in [0;36m_send_output[0;34m(self, message_body, encode_chunked)[0m
[1;32m   1031[0m         [0;32mdel[0m [0mself[0m[0;34m.[0m[0m_buffer[0m[0;34m[[0m[0;34m:[0m[0;34m][0m[0;34m[0m[0;34m[0m[0m
[0;32m-> 1032[0;31m         [0mself[0m[0;34m.[0m[0msend[0m[0;34m([0m[0mmsg[0m[0;34m)[0m[0;34m[0m[0;34m[0m[0m
[0m[1;32m   1033[0m [0;34m[0m[0m

[0;32m~/opt/anaconda3/envs/env-jupyterbook/lib/python3.7/http/client.py[0m in [0;36msend[0;34m(self, data)[0m
[1;32m    971[0m             [0;32mif[0m [0mself[0m[0;34m.[0m[0mauto_open[0m[0;34m:[0m[0;34m[0m[0;34m[0m[0m
[0;32m--> 972[0;31m                 [0mself[0m[0;34m.[0m[0mconnect[0m[0;34m([0m[0;34m)[0m[0;34m[0m[0;34m[0m[0m
[0m[1;32m    973[0m             [0;32melse[0m[0;34m:[0m[0;34m[0m[0;34m[0m[0m

[0;32m~/opt/anaconda3/envs/env-jupyterbook/lib/python3.7/http/client.py[0m in [0;36mconnect[0;34m(self)[0m
[1;32m   1446[0m             self.sock = self._context.wrap_socket(self.sock,
[0;32m-> 1447[0;31m                                                   server_hostname=server_hostname)
[0m[1;32m   1448[0m [0;34m[0m[0m

[0;32m~/opt/anaconda3/envs/env-jupyterbook/lib/python3.7/ssl.py[0m in [0;36mwrap_socket[0;34m(self, sock, server_side, do_handshake_on_connect, suppress_ragged_eofs, server_hostname, session)[0m
[1;32m    422[0m             [0mcontext[0m[0;34m=[0m[0mself[0m[0;34m,[0m[0;34m[0m[0;34m[0m[0m
[0;32m--> 423[0;31m             [0msession[0m[0;34m=[0m[0msession[0m[0;34m[0m[0;34m[0m[0m
[0m[1;32m    424[0m         )

[0;32m~/opt/anaconda3/envs/env-jupyterbook/lib/python3.7/ssl.py[0m in [0;36m_create[0;34m(cls, sock, server_side, do_handshake_on_connect, suppress_ragged_eofs, server_hostname, context, session)[0m
[1;32m    869[0m                         [0;32mraise[0m [0mValueError[0m[0;34m([0m[0;34m"do_handshake_on_connect should not be specified for non-blocking sockets"[0m[0;34m)[0m[0;34m[0m[0;34m[0m[0m
[0;32m--> 870[0;31m                     [0mself[0m[0;34m.[0m[0mdo_handshake[0m[0;34m([0m[0;34m)[0m[0;34m[0m[0;34m[0m[0m
[0m[1;32m    871[0m             [0;32mexcept[0m [0;34m([0m[0mOSError[0m[0;34m,[0m [0mValueError[0m[0;34m)[0m[0;34m:[0m[0;34m[0m[0;34m[0m[0m

[0;32m~/opt/anaconda3/envs/env-jupyterbook/lib/python3.7/ssl.py[0m in [0;36mdo_handshake[0;34m(self, block)[0m
[1;32m   1138[0m                 [0mself[0m[0;34m.[0m[0msettimeout[0m[0;34m([0m[0;32mNone[0m[0;34m)[0m[0;34m[0m[0;34m[0m[0m
[0;32m-> 1139[0;31m             [0mself[0m[0;34m.[0m[0m_sslobj[0m[0;34m.[0m[0mdo_handshake[0m[0;34m([0m[0;34m)[0m[0;34m[0m[0;34m[0m[0m
[0m[1;32m   1140[0m         [0;32mfinally[0m[0;34m:[0m[0;34m[0m[0;34m[0m[0m

[0;31mSSLCertVerificationError[0m: [SSL: CERTIFICATE_VERIFY_FAILED] certificate verify failed: unable to get local issuer certificate (_ssl.c:1091)

During handling of the above exception, another exception occurred:

[0;31mURLError[0m                                  Traceback (most recent call last)
[0;32m<ipython-input-4-6d87ff7d39f3>[0m in [0;36m<module>[0;34m[0m
[0;32m----> 1[0;31m [0mdf_wesm[0m [0;34m=[0m [0mget_data[0m[0;34m([0m[0;34m'http://www.iemop.ph/the-market/participants/wesm-members/'[0m[0;34m)[0m[0;34m[0m[0;34m[0m[0m
[0m[1;32m      2[0m [0;31m# Dropping 451 Team Sual NA Resource value[0m[0;34m[0m[0;34m[0m[0;34m[0m[0m
[1;32m      3[0m [0mdf_wesm[0m [0;34m=[0m [0mdf_wesm[0m[0;34m.[0m[0mdropna[0m[0;34m([0m[0;34m)[0m[0;34m[0m[0;34m[0m[0m

[0;32m<ipython-input-3-09d3b4fa3a29>[0m in [0;36mget_data[0;34m(url)[0m
[1;32m      1[0m [0;32mdef[0m [0mget_data[0m[0;34m([0m[0murl[0m[0;34m)[0m[0;34m:[0m[0;34m[0m[0;34m[0m[0m
[0;32m----> 2[0;31m     [0mhtml_data[0m [0;34m=[0m [0mpd[0m[0;34m.[0m[0mread_html[0m[0;34m([0m[0murl[0m[0;34m)[0m[0;34m[0m[0;34m[0m[0m
[0m[1;32m      3[0m     [0mdata[0m [0;34m=[0m [0mhtml_data[0m[0;34m[[0m[0;36m0[0m[0;34m][0m[0;34m[0m[0;34m[0m[0m
[1;32m      4[0m     [0;32mreturn[0m [0mdata[0m[0;34m[0m[0;34m[0m[0m

[0;32m~/opt/anaconda3/envs/env-jupyterbook/lib/python3.7/site-packages/pandas/util/_decorators.py[0m in [0;36mwrapper[0;34m(*args, **kwargs)[0m
[1;32m    294[0m                 )
[1;32m    295[0m                 [0mwarnings[0m[0;34m.[0m[0mwarn[0m[0;34m([0m[0mmsg[0m[0;34m,[0m [0mFutureWarning[0m[0;34m,[0m [0mstacklevel[0m[0;34m=[0m[0mstacklevel[0m[0;34m)[0m[0;34m[0m[0;34m[0m[0m
[0;32m--> 296[0;31m             [0;32mreturn[0m [0mfunc[0m[0;34m([0m[0;34m*[0m[0margs[0m[0;34m,[0m [0;34m**[0m[0mkwargs[0m[0;34m)[0m[0;34m[0m[0;34m[0m[0m
[0m[1;32m    297[0m [0;34m[0m[0m
[1;32m    298[0m         [0;32mreturn[0m [0mwrapper[0m[0;34m[0m[0;34m[0m[0m

[0;32m~/opt/anaconda3/envs/env-jupyterbook/lib/python3.7/site-packages/pandas/io/html.py[0m in [0;36mread_html[0;34m(io, match, flavor, header, index_col, skiprows, attrs, parse_dates, thousands, encoding, decimal, converters, na_values, keep_default_na, displayed_only)[0m
[1;32m   1099[0m         [0mna_values[0m[0;34m=[0m[0mna_values[0m[0;34m,[0m[0;34m[0m[0;34m[0m[0m
[1;32m   1100[0m         [0mkeep_default_na[0m[0;34m=[0m[0mkeep_default_na[0m[0;34m,[0m[0;34m[0m[0;34m[0m[0m
[0;32m-> 1101[0;31m         [0mdisplayed_only[0m[0;34m=[0m[0mdisplayed_only[0m[0;34m,[0m[0;34m[0m[0;34m[0m[0m
[0m[1;32m   1102[0m     )

[0;32m~/opt/anaconda3/envs/env-jupyterbook/lib/python3.7/site-packages/pandas/io/html.py[0m in [0;36m_parse[0;34m(flavor, io, match, attrs, encoding, displayed_only, **kwargs)[0m
[1;32m    896[0m [0;34m[0m[0m
[1;32m    897[0m         [0;32mtry[0m[0;34m:[0m[0;34m[0m[0;34m[0m[0m
[0;32m--> 898[0;31m             [0mtables[0m [0;34m=[0m [0mp[0m[0;34m.[0m[0mparse_tables[0m[0;34m([0m[0;34m)[0m[0;34m[0m[0;34m[0m[0m
[0m[1;32m    899[0m         [0;32mexcept[0m [0mValueError[0m [0;32mas[0m [0mcaught[0m[0;34m:[0m[0;34m[0m[0;34m[0m[0m
[1;32m    900[0m             [0;31m# if `io` is an io-like object, check if it's seekable[0m[0;34m[0m[0;34m[0m[0;34m[0m[0m

[0;32m~/opt/anaconda3/envs/env-jupyterbook/lib/python3.7/site-packages/pandas/io/html.py[0m in [0;36mparse_tables[0;34m(self)[0m
[1;32m    215[0m         [0mlist[0m [0mof[0m [0mparsed[0m [0;34m([0m[0mheader[0m[0;34m,[0m [0mbody[0m[0;34m,[0m [0mfooter[0m[0;34m)[0m [0mtuples[0m [0;32mfrom[0m [0mtables[0m[0;34m.[0m[0;34m[0m[0;34m[0m[0m
[1;32m    216[0m         """
[0;32m--> 217[0;31m         [0mtables[0m [0;34m=[0m [0mself[0m[0;34m.[0m[0m_parse_tables[0m[0;34m([0m[0mself[0m[0;34m.[0m[0m_build_doc[0m[0;34m([0m[0;34m)[0m[0;34m,[0m [0mself[0m[0;34m.[0m[0mmatch[0m[0;34m,[0m [0mself[0m[0;34m.[0m[0mattrs[0m[0;34m)[0m[0;34m[0m[0;34m[0m[0m
[0m[1;32m    218[0m         [0;32mreturn[0m [0;34m([0m[0mself[0m[0;34m.[0m[0m_parse_thead_tbody_tfoot[0m[0;34m([0m[0mtable[0m[0;34m)[0m [0;32mfor[0m [0mtable[0m [0;32min[0m [0mtables[0m[0;34m)[0m[0;34m[0m[0;34m[0m[0m
[1;32m    219[0m [0;34m[0m[0m

[0;32m~/opt/anaconda3/envs/env-jupyterbook/lib/python3.7/site-packages/pandas/io/html.py[0m in [0;36m_build_doc[0;34m(self)[0m
[1;32m    734[0m                     [0;32mpass[0m[0;34m[0m[0;34m[0m[0m
[1;32m    735[0m             [0;32melse[0m[0;34m:[0m[0;34m[0m[0;34m[0m[0m
[0;32m--> 736[0;31m                 [0;32mraise[0m [0me[0m[0;34m[0m[0;34m[0m[0m
[0m[1;32m    737[0m         [0;32melse[0m[0;34m:[0m[0;34m[0m[0;34m[0m[0m
[1;32m    738[0m             [0;32mif[0m [0;32mnot[0m [0mhasattr[0m[0;34m([0m[0mr[0m[0;34m,[0m [0;34m"text_content"[0m[0;34m)[0m[0;34m:[0m[0;34m[0m[0;34m[0m[0m

[0;32m~/opt/anaconda3/envs/env-jupyterbook/lib/python3.7/site-packages/pandas/io/html.py[0m in [0;36m_build_doc[0;34m(self)[0m
[1;32m    715[0m         [0;32mtry[0m[0;34m:[0m[0;34m[0m[0;34m[0m[0m
[1;32m    716[0m             [0;32mif[0m [0mis_url[0m[0;34m([0m[0mself[0m[0;34m.[0m[0mio[0m[0;34m)[0m[0;34m:[0m[0;34m[0m[0;34m[0m[0m
[0;32m--> 717[0;31m                 [0;32mwith[0m [0murlopen[0m[0;34m([0m[0mself[0m[0;34m.[0m[0mio[0m[0;34m)[0m [0;32mas[0m [0mf[0m[0;34m:[0m[0;34m[0m[0;34m[0m[0m
[0m[1;32m    718[0m                     [0mr[0m [0;34m=[0m [0mparse[0m[0;34m([0m[0mf[0m[0;34m,[0m [0mparser[0m[0;34m=[0m[0mparser[0m[0;34m)[0m[0;34m[0m[0;34m[0m[0m
[1;32m    719[0m             [0;32melse[0m[0;34m:[0m[0;34m[0m[0;34m[0m[0m

[0;32m~/opt/anaconda3/envs/env-jupyterbook/lib/python3.7/site-packages/pandas/io/common.py[0m in [0;36murlopen[0;34m(*args, **kwargs)[0m
[1;32m    135[0m     [0;32mimport[0m [0murllib[0m[0;34m.[0m[0mrequest[0m[0;34m[0m[0;34m[0m[0m
[1;32m    136[0m [0;34m[0m[0m
[0;32m--> 137[0;31m     [0;32mreturn[0m [0murllib[0m[0;34m.[0m[0mrequest[0m[0;34m.[0m[0murlopen[0m[0;34m([0m[0;34m*[0m[0margs[0m[0;34m,[0m [0;34m**[0m[0mkwargs[0m[0;34m)[0m[0;34m[0m[0;34m[0m[0m
[0m[1;32m    138[0m [0;34m[0m[0m
[1;32m    139[0m [0;34m[0m[0m

[0;32m~/opt/anaconda3/envs/env-jupyterbook/lib/python3.7/urllib/request.py[0m in [0;36murlopen[0;34m(url, data, timeout, cafile, capath, cadefault, context)[0m
[1;32m    220[0m     [0;32melse[0m[0;34m:[0m[0;34m[0m[0;34m[0m[0m
[1;32m    221[0m         [0mopener[0m [0;34m=[0m [0m_opener[0m[0;34m[0m[0;34m[0m[0m
[0;32m--> 222[0;31m     [0;32mreturn[0m [0mopener[0m[0;34m.[0m[0mopen[0m[0;34m([0m[0murl[0m[0;34m,[0m [0mdata[0m[0;34m,[0m [0mtimeout[0m[0;34m)[0m[0;34m[0m[0;34m[0m[0m
[0m[1;32m    223[0m [0;34m[0m[0m
[1;32m    224[0m [0;32mdef[0m [0minstall_opener[0m[0;34m([0m[0mopener[0m[0;34m)[0m[0;34m:[0m[0;34m[0m[0;34m[0m[0m

[0;32m~/opt/anaconda3/envs/env-jupyterbook/lib/python3.7/urllib/request.py[0m in [0;36mopen[0;34m(self, fullurl, data, timeout)[0m
[1;32m    529[0m         [0;32mfor[0m [0mprocessor[0m [0;32min[0m [0mself[0m[0;34m.[0m[0mprocess_response[0m[0;34m.[0m[0mget[0m[0;34m([0m[0mprotocol[0m[0;34m,[0m [0;34m[[0m[0;34m][0m[0;34m)[0m[0;34m:[0m[0;34m[0m[0;34m[0m[0m
[1;32m    530[0m             [0mmeth[0m [0;34m=[0m [0mgetattr[0m[0;34m([0m[0mprocessor[0m[0;34m,[0m [0mmeth_name[0m[0;34m)[0m[0;34m[0m[0;34m[0m[0m
[0;32m--> 531[0;31m             [0mresponse[0m [0;34m=[0m [0mmeth[0m[0;34m([0m[0mreq[0m[0;34m,[0m [0mresponse[0m[0;34m)[0m[0;34m[0m[0;34m[0m[0m
[0m[1;32m    532[0m [0;34m[0m[0m
[1;32m    533[0m         [0;32mreturn[0m [0mresponse[0m[0;34m[0m[0;34m[0m[0m

[0;32m~/opt/anaconda3/envs/env-jupyterbook/lib/python3.7/urllib/request.py[0m in [0;36mhttp_response[0;34m(self, request, response)[0m
[1;32m    639[0m         [0;32mif[0m [0;32mnot[0m [0;34m([0m[0;36m200[0m [0;34m<=[0m [0mcode[0m [0;34m<[0m [0;36m300[0m[0;34m)[0m[0;34m:[0m[0;34m[0m[0;34m[0m[0m
[1;32m    640[0m             response = self.parent.error(
[0;32m--> 641[0;31m                 'http', request, response, code, msg, hdrs)
[0m[1;32m    642[0m [0;34m[0m[0m
[1;32m    643[0m         [0;32mreturn[0m [0mresponse[0m[0;34m[0m[0;34m[0m[0m

[0;32m~/opt/anaconda3/envs/env-jupyterbook/lib/python3.7/urllib/request.py[0m in [0;36merror[0;34m(self, proto, *args)[0m
[1;32m    561[0m             [0mhttp_err[0m [0;34m=[0m [0;36m0[0m[0;34m[0m[0;34m[0m[0m
[1;32m    562[0m         [0margs[0m [0;34m=[0m [0;34m([0m[0mdict[0m[0;34m,[0m [0mproto[0m[0;34m,[0m [0mmeth_name[0m[0;34m)[0m [0;34m+[0m [0margs[0m[0;34m[0m[0;34m[0m[0m
[0;32m--> 563[0;31m         [0mresult[0m [0;34m=[0m [0mself[0m[0;34m.[0m[0m_call_chain[0m[0;34m([0m[0;34m*[0m[0margs[0m[0;34m)[0m[0;34m[0m[0;34m[0m[0m
[0m[1;32m    564[0m         [0;32mif[0m [0mresult[0m[0;34m:[0m[0;34m[0m[0;34m[0m[0m
[1;32m    565[0m             [0;32mreturn[0m [0mresult[0m[0;34m[0m[0;34m[0m[0m

[0;32m~/opt/anaconda3/envs/env-jupyterbook/lib/python3.7/urllib/request.py[0m in [0;36m_call_chain[0;34m(self, chain, kind, meth_name, *args)[0m
[1;32m    501[0m         [0;32mfor[0m [0mhandler[0m [0;32min[0m [0mhandlers[0m[0;34m:[0m[0;34m[0m[0;34m[0m[0m
[1;32m    502[0m             [0mfunc[0m [0;34m=[0m [0mgetattr[0m[0;34m([0m[0mhandler[0m[0;34m,[0m [0mmeth_name[0m[0;34m)[0m[0;34m[0m[0;34m[0m[0m
[0;32m--> 503[0;31m             [0mresult[0m [0;34m=[0m [0mfunc[0m[0;34m([0m[0;34m*[0m[0margs[0m[0;34m)[0m[0;34m[0m[0;34m[0m[0m
[0m[1;32m    504[0m             [0;32mif[0m [0mresult[0m [0;32mis[0m [0;32mnot[0m [0;32mNone[0m[0;34m:[0m[0;34m[0m[0;34m[0m[0m
[1;32m    505[0m                 [0;32mreturn[0m [0mresult[0m[0;34m[0m[0;34m[0m[0m

[0;32m~/opt/anaconda3/envs/env-jupyterbook/lib/python3.7/urllib/request.py[0m in [0;36mhttp_error_302[0;34m(self, req, fp, code, msg, headers)[0m
[1;32m    753[0m         [0mfp[0m[0;34m.[0m[0mclose[0m[0;34m([0m[0;34m)[0m[0;34m[0m[0;34m[0m[0m
[1;32m    754[0m [0;34m[0m[0m
[0;32m--> 755[0;31m         [0;32mreturn[0m [0mself[0m[0;34m.[0m[0mparent[0m[0;34m.[0m[0mopen[0m[0;34m([0m[0mnew[0m[0;34m,[0m [0mtimeout[0m[0;34m=[0m[0mreq[0m[0;34m.[0m[0mtimeout[0m[0;34m)[0m[0;34m[0m[0;34m[0m[0m
[0m[1;32m    756[0m [0;34m[0m[0m
[1;32m    757[0m     [0mhttp_error_301[0m [0;34m=[0m [0mhttp_error_303[0m [0;34m=[0m [0mhttp_error_307[0m [0;34m=[0m [0mhttp_error_302[0m[0;34m[0m[0;34m[0m[0m

[0;32m~/opt/anaconda3/envs/env-jupyterbook/lib/python3.7/urllib/request.py[0m in [0;36mopen[0;34m(self, fullurl, data, timeout)[0m
[1;32m    523[0m             [0mreq[0m [0;34m=[0m [0mmeth[0m[0;34m([0m[0mreq[0m[0;34m)[0m[0;34m[0m[0;34m[0m[0m
[1;32m    524[0m [0;34m[0m[0m
[0;32m--> 525[0;31m         [0mresponse[0m [0;34m=[0m [0mself[0m[0;34m.[0m[0m_open[0m[0;34m([0m[0mreq[0m[0;34m,[0m [0mdata[0m[0;34m)[0m[0;34m[0m[0;34m[0m[0m
[0m[1;32m    526[0m [0;34m[0m[0m
[1;32m    527[0m         [0;31m# post-process response[0m[0;34m[0m[0;34m[0m[0;34m[0m[0m

[0;32m~/opt/anaconda3/envs/env-jupyterbook/lib/python3.7/urllib/request.py[0m in [0;36m_open[0;34m(self, req, data)[0m
[1;32m    541[0m         [0mprotocol[0m [0;34m=[0m [0mreq[0m[0;34m.[0m[0mtype[0m[0;34m[0m[0;34m[0m[0m
[1;32m    542[0m         result = self._call_chain(self.handle_open, protocol, protocol +
[0;32m--> 543[0;31m                                   '_open', req)
[0m[1;32m    544[0m         [0;32mif[0m [0mresult[0m[0;34m:[0m[0;34m[0m[0;34m[0m[0m
[1;32m    545[0m             [0;32mreturn[0m [0mresult[0m[0;34m[0m[0;34m[0m[0m

[0;32m~/opt/anaconda3/envs/env-jupyterbook/lib/python3.7/urllib/request.py[0m in [0;36m_call_chain[0;34m(self, chain, kind, meth_name, *args)[0m
[1;32m    501[0m         [0;32mfor[0m [0mhandler[0m [0;32min[0m [0mhandlers[0m[0;34m:[0m[0;34m[0m[0;34m[0m[0m
[1;32m    502[0m             [0mfunc[0m [0;34m=[0m [0mgetattr[0m[0;34m([0m[0mhandler[0m[0;34m,[0m [0mmeth_name[0m[0;34m)[0m[0;34m[0m[0;34m[0m[0m
[0;32m--> 503[0;31m             [0mresult[0m [0;34m=[0m [0mfunc[0m[0;34m([0m[0;34m*[0m[0margs[0m[0;34m)[0m[0;34m[0m[0;34m[0m[0m
[0m[1;32m    504[0m             [0;32mif[0m [0mresult[0m [0;32mis[0m [0;32mnot[0m [0;32mNone[0m[0;34m:[0m[0;34m[0m[0;34m[0m[0m
[1;32m    505[0m                 [0;32mreturn[0m [0mresult[0m[0;34m[0m[0;34m[0m[0m

[0;32m~/opt/anaconda3/envs/env-jupyterbook/lib/python3.7/urllib/request.py[0m in [0;36mhttps_open[0;34m(self, req)[0m
[1;32m   1391[0m         [0;32mdef[0m [0mhttps_open[0m[0;34m([0m[0mself[0m[0;34m,[0m [0mreq[0m[0;34m)[0m[0;34m:[0m[0;34m[0m[0;34m[0m[0m
[1;32m   1392[0m             return self.do_open(http.client.HTTPSConnection, req,
[0;32m-> 1393[0;31m                 context=self._context, check_hostname=self._check_hostname)
[0m[1;32m   1394[0m [0;34m[0m[0m
[1;32m   1395[0m         [0mhttps_request[0m [0;34m=[0m [0mAbstractHTTPHandler[0m[0;34m.[0m[0mdo_request_[0m[0;34m[0m[0;34m[0m[0m

[0;32m~/opt/anaconda3/envs/env-jupyterbook/lib/python3.7/urllib/request.py[0m in [0;36mdo_open[0;34m(self, http_class, req, **http_conn_args)[0m
[1;32m   1350[0m                           encode_chunked=req.has_header('Transfer-encoding'))
[1;32m   1351[0m             [0;32mexcept[0m [0mOSError[0m [0;32mas[0m [0merr[0m[0;34m:[0m [0;31m# timeout error[0m[0;34m[0m[0;34m[0m[0m
[0;32m-> 1352[0;31m                 [0;32mraise[0m [0mURLError[0m[0;34m([0m[0merr[0m[0;34m)[0m[0;34m[0m[0;34m[0m[0m
[0m[1;32m   1353[0m             [0mr[0m [0;34m=[0m [0mh[0m[0;34m.[0m[0mgetresponse[0m[0;34m([0m[0;34m)[0m[0;34m[0m[0;34m[0m[0m
[1;32m   1354[0m         [0;32mexcept[0m[0;34m:[0m[0;34m[0m[0;34m[0m[0m

[0;31mURLError[0m: <urlopen error [SSL: CERTIFICATE_VERIFY_FAILED] certificate verify failed: unable to get local issuer certificate (_ssl.c:1091)>
URLError: <urlopen error [SSL: CERTIFICATE_VERIFY_FAILED] certificate verify failed: unable to get local issuer certificate (_ssl.c:1091)>

